<?xml version="1.0" encoding="UTF-8"?>
<!-- Generated by org.testng.reporters.JUnitReportReporter -->
<testsuite hostname="DESKTOP-FRV6B16" failures="0" tests="1" name="vtiger.Practice.SampleJDBCUpdateQuery" time="5.251" errors="0" timestamp="2023-02-06T21:29:43 IST" skipped="0">
  <testcase classname="vtiger.Practice.SampleJDBCUpdateQuery" name="sampleJDBC" time="5.251"/>
  <system-out/>
</testsuite> <!-- vtiger.Practice.SampleJDBCUpdateQuery -->
