<?xml version="1.0" encoding="UTF-8"?>
<!-- Generated by org.testng.reporters.JUnitReportReporter -->
<testsuite hostname="DESKTOP-FRV6B16" failures="0" tests="1" name="vtiger.Practice.SampleJDBCExecuteQuery" time="23.199" errors="0" timestamp="2023-02-06T21:22:08 IST" skipped="0">
  <testcase classname="vtiger.Practice.SampleJDBCExecuteQuery" name="sampleJDBC" time="23.199"/>
  <system-out/>
</testsuite> <!-- vtiger.Practice.SampleJDBCExecuteQuery -->
