<?xml version="1.0" encoding="UTF-8"?>
<!-- Generated by org.testng.reporters.JUnitReportReporter -->
<testsuite hostname="DESKTOP-FRV6B16" failures="0" tests="1" name="vtiger.Practice.SampleJDBCExecuteUpdate" time="2.836" errors="0" timestamp="2023-02-06T21:30:51 IST" skipped="0">
  <testcase classname="vtiger.Practice.SampleJDBCExecuteUpdate" name="sampleJDBC" time="2.836"/>
  <system-out/>
</testsuite> <!-- vtiger.Practice.SampleJDBCExecuteUpdate -->
